<?xml version="1.0" encoding="UTF-8"?>
<!-- Generated by org.testng.reporters.JUnitReportReporter -->
<testsuite hostname="DESKTOP-UKH5M9V" failures="0" tests="1" name="tests.LoginTest" time="1.161" errors="0" timestamp="2025-07-15T06:37:16 IST" skipped="0">
  <testcase classname="tests.LoginTest" name="loginfb" time="1.161"/>
</testsuite> <!-- tests.LoginTest -->
