<?xml version="1.0" encoding="UTF-8"?>
<!-- Generated by org.testng.reporters.JUnitReportReporter -->
<testsuite hostname="DESKTOP-UKH5M9V" failures="0" tests="1" name="tests.SignUpTest" time="1.273" errors="0" timestamp="2025-07-15T07:00:14 IST" skipped="0">
  <testcase classname="tests.SignUpTest" name="loginfb" time="1.273"/>
</testsuite> <!-- tests.SignUpTest -->
