<?xml version="1.0" encoding="UTF-8"?>
<!-- Generated by org.testng.reporters.JUnitReportReporter -->
<testsuite hostname="DESKTOP-UKH5M9V" failures="0" tests="5" name="testng.ParamTest" time="0.067" errors="0" timestamp="2025-06-26T03:48:36 IST" skipped="0">
  <testcase classname="testng.ParamTest" name="Multiplication" time="0.009"/>
  <testcase classname="testng.ParamTest" name="OptionalParam" time="0.007"/>
  <testcase classname="testng.ParamTest" name="Summation" time="0.014"/>
  <testcase classname="testng.ParamTest" name="Subtraction" time="0.006"/>
  <testcase classname="testng.ParamTest" name="Dividation" time="0.031"/>
</testsuite> <!-- testng.ParamTest -->
