<?xml version="1.0" encoding="UTF-8"?>
<!-- Generated by org.testng.reporters.JUnitReportReporter -->
<testsuite hostname="DESKTOP-UKH5M9V" failures="0" tests="4" name="testng.GroupDependency" time="0.031" errors="0" timestamp="2025-06-26T03:47:57 IST" skipped="0">
  <testcase classname="testng.GroupDependency" name="CloseAccount" time="0.005"/>
  <testcase classname="testng.GroupDependency" name="LogIn" time="0.004"/>
  <testcase classname="testng.GroupDependency" name="OpenBrowser" time="0.018"/>
  <testcase classname="testng.GroupDependency" name="ViewAcc" time="0.004"/>
</testsuite> <!-- testng.GroupDependency -->
