<?xml version="1.0" encoding="UTF-8"?>
<!-- Generated by org.testng.reporters.JUnitReportReporter -->
<testsuite hostname="DESKTOP-UKH5M9V" failures="0" tests="3" name="testng.ParamTestForMultiUser" time="22.393" errors="0" timestamp="2025-06-27T03:50:41 IST" skipped="0">
  <testcase classname="testng.ParamTestForMultiUser" name="Login" time="9.073"/>
  <testcase classname="testng.ParamTestForMultiUser" name="Login" time="6.297"/>
  <testcase classname="testng.ParamTestForMultiUser" name="Login" time="7.023"/>
</testsuite> <!-- testng.ParamTestForMultiUser -->
