<?xml version="1.0" encoding="UTF-8"?>
<!-- Generated by org.testng.reporters.JUnitReportReporter -->
<testsuite hostname="DESKTOP-UKH5M9V" failures="0" tests="3" name="testng.DependentTest" time="11.048" errors="0" timestamp="2025-06-25T04:30:33 IST" skipped="0">
  <testcase classname="testng.DependentTest" name="startingPoint" time="4.603"/>
  <testcase classname="testng.DependentTest" name="checkTitle" time="0.104"/>
  <testcase classname="testng.DependentTest" name="click_element" time="6.341"/>
</testsuite> <!-- testng.DependentTest -->
