<?xml version="1.0" encoding="UTF-8"?>
<!-- Generated by org.testng.reporters.JUnitReportReporter -->
<testsuite hostname="DESKTOP-UKH5M9V" failures="0" tests="4" name="testng.GroupTest" time="21.333" errors="0" timestamp="2025-06-26T03:52:48 IST" skipped="0">
  <testcase classname="testng.GroupTest" name="StartingPoint" time="6.249"/>
  <testcase classname="testng.GroupTest" name="StartingPoint" time="8.133"/>
  <testcase classname="testng.GroupTest" name="checkTitle" time="0.037"/>
  <testcase classname="testng.GroupTest" name="click_element" time="6.914"/>
</testsuite> <!-- testng.GroupTest -->
