<?xml version="1.0" encoding="UTF-8"?>
<!-- Generated by org.testng.reporters.JUnitReportReporter -->
<testsuite hostname="DESKTOP-UKH5M9V" failures="0" tests="4" name="testng.DataProviderTest" time="27.713" errors="0" timestamp="2025-06-27T04:21:05 IST" skipped="0">
  <testcase classname="testng.DataProviderTest" name="Login" time="6.293"/>
  <testcase classname="testng.DataProviderTest" name="Login" time="7.758"/>
  <testcase classname="testng.DataProviderTest" name="Login" time="6.018"/>
  <testcase classname="testng.DataProviderTest" name="Login" time="7.644"/>
</testsuite> <!-- testng.DataProviderTest -->
