<?xml version="1.0" encoding="UTF-8"?>
<!-- Generated by org.testng.reporters.JUnitReportReporter -->
<testsuite hostname="DESKTOP-UKH5M9V" failures="0" tests="2" name="testng.ParallelMethods" time="30.182" errors="0" timestamp="2025-07-01T02:26:40 IST" skipped="0">
  <testcase classname="testng.ParallelMethods" name="chrome" time="17.545"/>
  <testcase classname="testng.ParallelMethods" name="Edge" time="12.637"/>
</testsuite> <!-- testng.ParallelMethods -->
