<?xml version="1.0" encoding="UTF-8"?>
<!-- Generated by org.testng.reporters.JUnitReportReporter -->
<testsuite hostname="DESKTOP-UKH5M9V" failures="0" tests="1" name="testng.AnnotationTest" time="6.707" errors="0" timestamp="2025-06-24T06:32:34 IST" skipped="0">
  <testcase classname="testng.AnnotationTest" name="f" time="6.707"/>
</testsuite> <!-- testng.AnnotationTest -->
