<?xml version="1.0" encoding="UTF-8"?>
<!-- Generated by org.testng.reporters.JUnitReportReporter -->
<testsuite hostname="DESKTOP-UKH5M9V" failures="0" tests="3" name="testng.DependentGroups" time="15.517" errors="0" timestamp="2025-06-26T03:47:32 IST" skipped="0">
  <testcase classname="testng.DependentGroups" name="startingPoint" time="9.139"/>
  <testcase classname="testng.DependentGroups" name="checkTitle" time="0.098"/>
  <testcase classname="testng.DependentGroups" name="click_element" time="6.280"/>
</testsuite> <!-- testng.DependentGroups -->
