<?xml version="1.0" encoding="UTF-8"?>
<!-- Generated by org.testng.reporters.JUnitReportReporter -->
<testsuite hostname="DESKTOP-UKH5M9V" failures="0" tests="1" name="testng.NewTest" time="0.025" errors="0" timestamp="2025-07-03T07:48:44 IST" skipped="0">
  <testcase classname="testng.NewTest" name="f" time="0.025"/>
</testsuite> <!-- testng.NewTest -->
