<?xml version="1.0" encoding="UTF-8"?>
<!-- Generated by org.testng.reporters.JUnitReportReporter -->
<testsuite hostname="DESKTOP-UKH5M9V" failures="0" tests="2" name="testng.CrosBrowserTesting" time="3.717" errors="0" timestamp="2025-06-29T01:38:56 IST" skipped="0">
  <testcase classname="testng.CrosBrowserTesting" name="login" time="2.455"/>
  <testcase classname="testng.CrosBrowserTesting" name="login" time="1.262"/>
</testsuite> <!-- testng.CrosBrowserTesting -->
