<?xml version="1.0" encoding="UTF-8"?>
<!-- Generated by org.testng.reporters.JUnitReportReporter -->
<testsuite hostname="DESKTOP-UKH5M9V" failures="0" tests="2" name="testng.ChromeTest" time="92.683" errors="0" timestamp="2025-07-02T23:18:15 IST" skipped="0">
  <testcase classname="testng.ChromeTest" name="chrome" time="47.373"/>
  <testcase classname="testng.ChromeTest" name="chrome" time="45.310"/>
</testsuite> <!-- testng.ChromeTest -->
