<?xml version="1.0" encoding="UTF-8"?>
<!-- Generated by org.testng.reporters.JUnitReportReporter -->
<testsuite hostname="DESKTOP-UKH5M9V" failures="0" tests="1" name="testng.FirstTest" time="8.445" errors="0" timestamp="2025-06-28T09:45:52 IST" skipped="0">
  <testcase classname="testng.FirstTest" name="first" time="8.445">
    <system-out>
      <![CDATA[We have successfully visited the site]]>
    </system-out>
  </testcase> <!-- first -->
  <system-out>
    <![CDATA[We have successfully visited the site]]>
  </system-out>
</testsuite> <!-- testng.FirstTest -->
