<?xml version="1.0" encoding="UTF-8"?>
<!-- Generated by org.testng.reporters.JUnitReportReporter -->
<testsuite hostname="DESKTOP-UKH5M9V" failures="0" tests="4" name="testng.GroupDependencyViaXml" time="0.069" errors="0" timestamp="2025-06-25T07:50:26 IST" skipped="0">
  <testcase classname="testng.GroupDependencyViaXml" name="CloseAccount" time="0.023"/>
  <testcase classname="testng.GroupDependencyViaXml" name="ViewAcc" time="0.005"/>
  <testcase classname="testng.GroupDependencyViaXml" name="LogIn" time="0.003"/>
  <testcase classname="testng.GroupDependencyViaXml" name="OpenBrowser" time="0.038"/>
</testsuite> <!-- testng.GroupDependencyViaXml -->
